Caffo/app/build/intermediates/manifest_merge_blame_file/debug/manifest-merger-blame-debug-report.txt
1<?xml version="1.0" encoding="utf-8"?>
2<manifest xmlns:android="http://schemas.android.com/apk/res/android"
3    package="com.example.caffo"
4    android:versionCode="1"
5    android:versionName="1.0" >
6
7    <uses-sdk
8        android:minSdkVersion="28"
8-->src\main\AndroidManifest.xml
9        android:targetSdkVersion="29" />
9-->src\main\AndroidManifest.xml
10
11    <uses-permission android:name="android.permission.INTERNET" />
11-->src\main\AndroidManifest.xml:5:5-67
11-->src\main\AndroidManifest.xml:5:22-64
12    <uses-permission android:name="android.permission.READ_EXTERNAL_STORAGE" />
12-->src\main\AndroidManifest.xml:6:5-80
12-->src\main\AndroidManifest.xml:6:22-77
13    <uses-permission android:name="android.permission.ACCESS_NETWORK_STATE" />
13-->[com.google.firebase:firebase-auth:20.0.1] AndroidManifest.xml:24:5-79
13-->[com.google.firebase:firebase-auth:20.0.1] AndroidManifest.xml:24:22-76
14    <uses-permission android:name="android.permission.WAKE_LOCK" />
14-->[com.google.android.gms:play-services-measurement:18.0.0] AndroidManifest.xml:25:5-68
14-->[com.google.android.gms:play-services-measurement:18.0.0] AndroidManifest.xml:25:22-65
15    <uses-permission android:name="com.google.android.finsky.permission.BIND_GET_INSTALL_REFERRER_SERVICE" />
15-->[com.google.android.gms:play-services-measurement:18.0.0] AndroidManifest.xml:26:5-110
15-->[com.google.android.gms:play-services-measurement:18.0.0] AndroidManifest.xml:26:22-107
16
17    <application
17-->src\main\AndroidManifest.xml:8:5-24:19
18        android:allowBackup="true"
18-->src\main\AndroidManifest.xml:14:9-35
19        android:appComponentFactory="androidx.core.app.CoreComponentFactory"
19-->[androidx.core:core:1.5.0-alpha02] AndroidManifest.xml:24:18-86
20        android:debuggable="true"
21        android:icon="@mipmap/ic_launcher"
21-->src\main\AndroidManifest.xml:9:9-43
22        android:label="@string/app_name"
22-->src\main\AndroidManifest.xml:10:9-41
23        android:roundIcon="@mipmap/ic_launcher_round"
23-->src\main\AndroidManifest.xml:11:9-54
24        android:supportsRtl="true"
24-->src\main\AndroidManifest.xml:12:9-35
25        android:testOnly="true"
26        android:theme="@style/AppTheme" >
26-->src\main\AndroidManifest.xml:13:9-40
27        <activity android:name="com.example.caffo.IntroActivity" />
27-->src\main\AndroidManifest.xml:15:9-60
27-->src\main\AndroidManifest.xml:15:19-48
28        <activity android:name="com.example.caffo.LoginActivity" >
28-->src\main\AndroidManifest.xml:16:9-17:20
28-->src\main\AndroidManifest.xml:16:19-48
29        </activity>
30        <activity android:name="com.example.caffo.MainActivity" >
30-->src\main\AndroidManifest.xml:18:9-23:20
30-->src\main\AndroidManifest.xml:18:19-47
31            <intent-filter>
31-->src\main\AndroidManifest.xml:19:13-22:29
32                <action android:name="android.intent.action.MAIN" />
32-->src\main\AndroidManifest.xml:20:17-69
32-->src\main\AndroidManifest.xml:20:25-66
33
34                <category android:name="android.intent.category.LAUNCHER" />
34-->src\main\AndroidManifest.xml:21:17-77
34-->src\main\AndroidManifest.xml:21:27-74
35            </intent-filter>
36        </activity>
37        <activity
37-->[com.google.firebase:firebase-auth:20.0.1] AndroidManifest.xml:27:9-44:20
38            android:name="com.google.firebase.auth.internal.GenericIdpActivity"
38-->[com.google.firebase:firebase-auth:20.0.1] AndroidManifest.xml:28:13-80
39            android:excludeFromRecents="true"
39-->[com.google.firebase:firebase-auth:20.0.1] AndroidManifest.xml:29:13-46
40            android:exported="true"
40-->[com.google.firebase:firebase-auth:20.0.1] AndroidManifest.xml:30:13-36
41            android:launchMode="singleTask"
41-->[com.google.firebase:firebase-auth:20.0.1] AndroidManifest.xml:31:13-44
42            android:theme="@android:style/Theme.Translucent.NoTitleBar" >
42-->[com.google.firebase:firebase-auth:20.0.1] AndroidManifest.xml:32:13-72
43            <intent-filter>
43-->[com.google.firebase:firebase-auth:20.0.1] AndroidManifest.xml:33:13-43:29
44                <action android:name="android.intent.action.VIEW" />
44-->[com.google.firebase:firebase-auth:20.0.1] AndroidManifest.xml:34:17-69
44-->[com.google.firebase:firebase-auth:20.0.1] AndroidManifest.xml:34:25-66
45
46                <category android:name="android.intent.category.DEFAULT" />
46-->[com.google.firebase:firebase-auth:20.0.1] AndroidManifest.xml:36:17-76
46-->[com.google.firebase:firebase-auth:20.0.1] AndroidManifest.xml:36:27-73
47                <category android:name="android.intent.category.BROWSABLE" />
47-->[com.google.firebase:firebase-auth:20.0.1] AndroidManifest.xml:37:17-78
47-->[com.google.firebase:firebase-auth:20.0.1] AndroidManifest.xml:37:27-75
48
49                <data
49-->[com.google.firebase:firebase-auth:20.0.1] AndroidManifest.xml:39:17-42:51
50                    android:host="firebase.auth"
50-->[com.google.firebase:firebase-auth:20.0.1] AndroidManifest.xml:40:21-49
51                    android:path="/"
51-->[com.google.firebase:firebase-auth:20.0.1] AndroidManifest.xml:41:21-37
52                    android:scheme="genericidp" />
52-->[com.google.firebase:firebase-auth:20.0.1] AndroidManifest.xml:42:21-48
53            </intent-filter>
54        </activity>
55        <activity
55-->[com.google.firebase:firebase-auth:20.0.1] AndroidManifest.xml:45:9-62:20
56            android:name="com.google.firebase.auth.internal.RecaptchaActivity"
56-->[com.google.firebase:firebase-auth:20.0.1] AndroidManifest.xml:46:13-79
57            android:excludeFromRecents="true"
57-->[com.google.firebase:firebase-auth:20.0.1] AndroidManifest.xml:47:13-46
58            android:exported="true"
58-->[com.google.firebase:firebase-auth:20.0.1] AndroidManifest.xml:48:13-36
59            android:launchMode="singleTask"
59-->[com.google.firebase:firebase-auth:20.0.1] AndroidManifest.xml:49:13-44
60            android:theme="@android:style/Theme.Translucent.NoTitleBar" >
60-->[com.google.firebase:firebase-auth:20.0.1] AndroidManifest.xml:50:13-72
61            <intent-filter>
61-->[com.google.firebase:firebase-auth:20.0.1] AndroidManifest.xml:51:13-61:29
62                <action android:name="android.intent.action.VIEW" />
62-->[com.google.firebase:firebase-auth:20.0.1] AndroidManifest.xml:34:17-69
62-->[com.google.firebase:firebase-auth:20.0.1] AndroidManifest.xml:34:25-66
63
64                <category android:name="android.intent.category.DEFAULT" />
64-->[com.google.firebase:firebase-auth:20.0.1] AndroidManifest.xml:36:17-76
64-->[com.google.firebase:firebase-auth:20.0.1] AndroidManifest.xml:36:27-73
65                <category android:name="android.intent.category.BROWSABLE" />
65-->[com.google.firebase:firebase-auth:20.0.1] AndroidManifest.xml:37:17-78
65-->[com.google.firebase:firebase-auth:20.0.1] AndroidManifest.xml:37:27-75
66
67                <data
67-->[com.google.firebase:firebase-auth:20.0.1] AndroidManifest.xml:39:17-42:51
68                    android:host="firebase.auth"
68-->[com.google.firebase:firebase-auth:20.0.1] AndroidManifest.xml:40:21-49
69                    android:path="/"
69-->[com.google.firebase:firebase-auth:20.0.1] AndroidManifest.xml:41:21-37
70                    android:scheme="recaptcha" />
70-->[com.google.firebase:firebase-auth:20.0.1] AndroidManifest.xml:42:21-48
71            </intent-filter>
72        </activity>
73
74        <service
74-->[com.google.firebase:firebase-auth:20.0.1] AndroidManifest.xml:64:9-73:19
75            android:name="com.google.firebase.auth.api.fallback.service.FirebaseAuthFallbackService"
75-->[com.google.firebase:firebase-auth:20.0.1] AndroidManifest.xml:65:13-101
76            android:enabled="true"
76-->[com.google.firebase:firebase-auth:20.0.1] AndroidManifest.xml:66:13-35
77            android:exported="false" >
77-->[com.google.firebase:firebase-auth:20.0.1] AndroidManifest.xml:67:13-37
78            <intent-filter>
78-->[com.google.firebase:firebase-auth:20.0.1] AndroidManifest.xml:68:13-72:29
79                <action android:name="com.google.firebase.auth.api.gms.service.START" />
79-->[com.google.firebase:firebase-auth:20.0.1] AndroidManifest.xml:69:17-89
79-->[com.google.firebase:firebase-auth:20.0.1] AndroidManifest.xml:69:25-86
80
81                <category android:name="android.intent.category.DEFAULT" />
81-->[com.google.firebase:firebase-auth:20.0.1] AndroidManifest.xml:36:17-76
81-->[com.google.firebase:firebase-auth:20.0.1] AndroidManifest.xml:36:27-73
82            </intent-filter>
83        </service>
84        <service
84-->[com.google.firebase:firebase-auth:20.0.1] AndroidManifest.xml:74:9-80:19
85            android:name="com.google.firebase.components.ComponentDiscoveryService"
85-->[com.google.firebase:firebase-auth:20.0.1] AndroidManifest.xml:75:13-84
86            android:directBootAware="true"
86-->[com.google.firebase:firebase-common:19.5.0] AndroidManifest.xml:35:13-43
87            android:exported="false" >
87-->[com.google.firebase:firebase-auth:20.0.1] AndroidManifest.xml:76:13-37
88            <meta-data
88-->[com.google.firebase:firebase-auth:20.0.1] AndroidManifest.xml:77:13-79:85
89                android:name="com.google.firebase.components:com.google.firebase.auth.FirebaseAuthRegistrar"
89-->[com.google.firebase:firebase-auth:20.0.1] AndroidManifest.xml:78:17-109
90                android:value="com.google.firebase.components.ComponentRegistrar" />
90-->[com.google.firebase:firebase-auth:20.0.1] AndroidManifest.xml:79:17-82
91            <meta-data
91-->[com.google.firebase:firebase-storage:19.2.1] AndroidManifest.xml:33:13-35:85
92                android:name="com.google.firebase.components:com.google.firebase.storage.StorageRegistrar"
92-->[com.google.firebase:firebase-storage:19.2.1] AndroidManifest.xml:34:17-107
93                android:value="com.google.firebase.components.ComponentRegistrar" />
93-->[com.google.firebase:firebase-storage:19.2.1] AndroidManifest.xml:35:17-82
94            <meta-data
94-->[com.google.firebase:firebase-firestore:22.0.1] AndroidManifest.xml:20:13-22:85
95                android:name="com.google.firebase.components:com.google.firebase.firestore.FirestoreRegistrar"
95-->[com.google.firebase:firebase-firestore:22.0.1] AndroidManifest.xml:21:17-111
96                android:value="com.google.firebase.components.ComponentRegistrar" />
96-->[com.google.firebase:firebase-firestore:22.0.1] AndroidManifest.xml:22:17-82
97            <meta-data
97-->[com.google.android.gms:play-services-measurement-api:18.0.0] AndroidManifest.xml:30:13-32:85
98                android:name="com.google.firebase.components:com.google.firebase.analytics.connector.internal.AnalyticsConnectorRegistrar"
98-->[com.google.android.gms:play-services-measurement-api:18.0.0] AndroidManifest.xml:31:17-139
99                android:value="com.google.firebase.components.ComponentRegistrar" />
99-->[com.google.android.gms:play-services-measurement-api:18.0.0] AndroidManifest.xml:32:17-82
100            <meta-data
100-->[com.google.firebase:firebase-installations:16.3.2] AndroidManifest.xml:17:13-19:85
101                android:name="com.google.firebase.components:com.google.firebase.installations.FirebaseInstallationsRegistrar"
101-->[com.google.firebase:firebase-installations:16.3.2] AndroidManifest.xml:18:17-127
102                android:value="com.google.firebase.components.ComponentRegistrar" />
102-->[com.google.firebase:firebase-installations:16.3.2] AndroidManifest.xml:19:17-82
103            <!--
104                This registrar is not defined in the dynamic-module-support sdk itself to allow non-firebase
105                clients to use it as well, by defining this registrar in their own core/common library.
106            -->
107            <meta-data
107-->[com.google.firebase:firebase-common:19.5.0] AndroidManifest.xml:43:13-45:85
108                android:name="com.google.firebase.components:com.google.firebase.dynamicloading.DynamicLoadingRegistrar"
108-->[com.google.firebase:firebase-common:19.5.0] AndroidManifest.xml:44:17-121
109                android:value="com.google.firebase.components.ComponentRegistrar" />
109-->[com.google.firebase:firebase-common:19.5.0] AndroidManifest.xml:45:17-82
110        </service>
111
112        <activity
112-->[com.google.android.gms:play-services-auth:19.0.0] AndroidManifest.xml:23:9-27:75
113            android:name="com.google.android.gms.auth.api.signin.internal.SignInHubActivity"
113-->[com.google.android.gms:play-services-auth:19.0.0] AndroidManifest.xml:24:13-93
114            android:excludeFromRecents="true"
114-->[com.google.android.gms:play-services-auth:19.0.0] AndroidManifest.xml:25:13-46
115            android:exported="false"
115-->[com.google.android.gms:play-services-auth:19.0.0] AndroidManifest.xml:26:13-37
116            android:theme="@android:style/Theme.Translucent.NoTitleBar" />
116-->[com.google.android.gms:play-services-auth:19.0.0] AndroidManifest.xml:27:13-72
117        <!--
118            Service handling Google Sign-In user revocation. For apps that do not integrate with
119            Google Sign-In, this service will never be started.
120        -->
121        <service
121-->[com.google.android.gms:play-services-auth:19.0.0] AndroidManifest.xml:33:9-37:51
122            android:name="com.google.android.gms.auth.api.signin.RevocationBoundService"
122-->[com.google.android.gms:play-services-auth:19.0.0] AndroidManifest.xml:34:13-89
123            android:exported="true"
123-->[com.google.android.gms:play-services-auth:19.0.0] AndroidManifest.xml:35:13-36
124            android:permission="com.google.android.gms.auth.api.signin.permission.REVOCATION_NOTIFICATION"
124-->[com.google.android.gms:play-services-auth:19.0.0] AndroidManifest.xml:36:13-107
125            android:visibleToInstantApps="true" />
125-->[com.google.android.gms:play-services-auth:19.0.0] AndroidManifest.xml:37:13-48
126
127        <receiver
127-->[com.google.android.gms:play-services-measurement:18.0.0] AndroidManifest.xml:29:9-33:20
128            android:name="com.google.android.gms.measurement.AppMeasurementReceiver"
128-->[com.google.android.gms:play-services-measurement:18.0.0] AndroidManifest.xml:30:13-85
129            android:enabled="true"
129-->[com.google.android.gms:play-services-measurement:18.0.0] AndroidManifest.xml:31:13-35
130            android:exported="false" >
130-->[com.google.android.gms:play-services-measurement:18.0.0] AndroidManifest.xml:32:13-37
131        </receiver>
132
133        <service
133-->[com.google.android.gms:play-services-measurement:18.0.0] AndroidManifest.xml:35:9-38:40
134            android:name="com.google.android.gms.measurement.AppMeasurementService"
134-->[com.google.android.gms:play-services-measurement:18.0.0] AndroidManifest.xml:36:13-84
135            android:enabled="true"
135-->[com.google.android.gms:play-services-measurement:18.0.0] AndroidManifest.xml:37:13-35
136            android:exported="false" />
136-->[com.google.android.gms:play-services-measurement:18.0.0] AndroidManifest.xml:38:13-37
137        <service
137-->[com.google.android.gms:play-services-measurement:18.0.0] AndroidManifest.xml:39:9-43:72
138            android:name="com.google.android.gms.measurement.AppMeasurementJobService"
138-->[com.google.android.gms:play-services-measurement:18.0.0] AndroidManifest.xml:40:13-87
139            android:enabled="true"
139-->[com.google.android.gms:play-services-measurement:18.0.0] AndroidManifest.xml:41:13-35
140            android:exported="false"
140-->[com.google.android.gms:play-services-measurement:18.0.0] AndroidManifest.xml:42:13-37
141            android:permission="android.permission.BIND_JOB_SERVICE" />
141-->[com.google.android.gms:play-services-measurement:18.0.0] AndroidManifest.xml:43:13-69
142
143        <activity
143-->[com.google.android.gms:play-services-base:17.1.0] AndroidManifest.xml:23:9-26:75
144            android:name="com.google.android.gms.common.api.GoogleApiActivity"
144-->[com.google.android.gms:play-services-base:17.1.0] AndroidManifest.xml:24:13-79
145            android:exported="false"
145-->[com.google.android.gms:play-services-base:17.1.0] AndroidManifest.xml:25:13-37
146            android:theme="@android:style/Theme.Translucent.NoTitleBar" />
146-->[com.google.android.gms:play-services-base:17.1.0] AndroidManifest.xml:26:13-72
147
148        <provider
148-->[com.google.firebase:firebase-common:19.5.0] AndroidManifest.xml:26:9-31:39
149            android:name="com.google.firebase.provider.FirebaseInitProvider"
149-->[com.google.firebase:firebase-common:19.5.0] AndroidManifest.xml:27:13-77
150            android:authorities="com.example.caffo.firebaseinitprovider"
150-->[com.google.firebase:firebase-common:19.5.0] AndroidManifest.xml:28:13-72
151            android:directBootAware="true"
151-->[com.google.firebase:firebase-common:19.5.0] AndroidManifest.xml:29:13-43
152            android:exported="false"
152-->[com.google.firebase:firebase-common:19.5.0] AndroidManifest.xml:30:13-37
153            android:initOrder="100" />
153-->[com.google.firebase:firebase-common:19.5.0] AndroidManifest.xml:31:13-36
154
155        <meta-data
155-->[com.google.android.gms:play-services-basement:17.1.1] AndroidManifest.xml:23:9-25:69
156            android:name="com.google.android.gms.version"
156-->[com.google.android.gms:play-services-basement:17.1.1] AndroidManifest.xml:24:13-58
157            android:value="@integer/google_play_services_version" />
157-->[com.google.android.gms:play-services-basement:17.1.1] AndroidManifest.xml:25:13-66
158    </application>
159
160</manifest>